Time	 FAIRTEN1	 FAIRTEN2	 FAIRTEN3	 ANCHTEN1	 ANCHTEN2	 ANCHTEN3	 
0	 72.9984	 45.782	 45.782	 72.9941	 45.7671	 45.7671	 
0.1	 73.0336	 45.743	 45.743	 73.0235	 45.7328	 45.7328	 
0.2	 73.0713	 45.7064	 45.7064	 73.0572	 45.6988	 45.6988	 
0.3	 73.11	 45.6839	 45.6839	 73.1037	 45.6705	 45.6705	 
0.4	 73.1378	 45.6708	 45.6708	 73.1315	 45.6576	 45.6576	 
0.5	 73.1409	 45.6635	 45.6635	 73.1288	 45.6544	 45.6544	 
0.6	 73.1044	 45.6815	 45.6815	 73.0908	 45.674	 45.674	 
0.7	 73.0295	 45.7417	 45.7417	 73.024	 45.728	 45.728	 
0.8	 72.9943	 45.7816	 45.7816	 72.9837	 45.7713	 45.7713	 
0.9	 73.0027	 45.7774	 45.7774	 72.9916	 45.7679	 45.7679	 
1	 73.0365	 45.7408	 45.7408	 73.0235	 45.7329	 45.7329	 
1.1	 73.0617	 45.7139	 45.7139	 73.0545	 45.701	 45.701	 
1.2	 73.1062	 45.6855	 45.6855	 73.0987	 45.673	 45.673	 
1.3	 73.1369	 45.6699	 45.6699	 73.1262	 45.6601	 45.6601	 
1.4	 73.1419	 45.6621	 45.6621	 73.1269	 45.6554	 45.6554	 
1.5	 73.0979	 45.687	 45.687	 73.0921	 45.6732	 45.6732	 
1.6	 73.0358	 45.7361	 45.7361	 73.0321	 45.7208	 45.7208	 
1.7	 72.9921	 45.7815	 45.7815	 72.9886	 45.7657	 45.7657	 
1.8	 72.999	 45.7792	 45.7792	 72.9938	 45.765	 45.765	 
1.9	 73.0325	 45.7441	 45.7441	 73.0245	 45.7322	 45.7322	 
2	 73.0531	 45.7208	 45.7208	 73.0539	 45.7015	 45.7015	 
2.1	 73.1051	 45.6852	 45.6852	 73.0956	 45.6742	 45.6742	 
2.2	 73.1335	 45.671	 45.671	 73.1216	 45.6622	 45.6622	 
2.3	 73.1342	 45.6678	 45.6678	 73.1261	 45.6556	 45.6556	 
2.4	 73.0963	 45.6886	 45.6886	 73.0919	 45.6736	 45.6736	 
2.5	 73.0462	 45.7273	 45.7273	 73.0376	 45.7159	 45.7159	 
2.6	 72.9964	 45.7766	 45.7766	 72.9894	 45.7635	 45.7635	 
2.7	 73.0048	 45.7736	 45.7736	 72.9932	 45.7643	 45.7643	 
2.8	 73.0326	 45.744	 45.744	 73.0221	 45.7341	 45.7341	 
2.9	 73.0566	 45.7181	 45.7181	 73.0503	 45.7045	 45.7045	 
3	 73.1035	 45.6854	 45.6854	 73.0917	 45.6762	 45.6762	 
3.1	 73.1264	 45.6754	 45.6754	 73.1175	 45.6642	 45.6642	 
3.2	 73.1305	 45.6703	 45.6703	 73.1227	 45.6579	 45.6579	 
3.3	 73.1025	 45.6839	 45.6839	 73.0913	 45.6743	 45.6743	 
3.4	 73.0539	 45.7207	 45.7207	 73.0416	 45.7123	 45.7123	 
3.5	 72.9975	 45.7743	 45.7743	 72.9927	 45.7596	 45.7596	 
3.6	 73.0035	 45.7737	 45.7737	 72.9958	 45.7613	 45.7613	 
3.7	 73.0267	 45.7487	 45.7487	 73.0212	 45.7348	 45.7348	 
3.8	 73.0565	 45.7182	 45.7182	 73.0505	 45.7045	 45.7045	 
3.9	 73.096	 45.6904	 45.6904	 73.087	 45.679	 45.679	 
4	 73.1205	 45.6788	 45.6788	 73.1149	 45.665	 45.665	 
4.1	 73.1317	 45.6688	 45.6688	 73.1184	 45.6609	 45.6609	 
4.2	 73.106	 45.6813	 45.6813	 73.0926	 45.6735	 45.6735	 
4.3	 73.0558	 45.7189	 45.7189	 73.0448	 45.7094	 45.7094	 
4.4	 72.9994	 45.7717	 45.7717	 72.9975	 45.7546	 45.7546	 
4.5	 73.0026	 45.7735	 45.7735	 72.997	 45.7595	 45.7595	 
4.6	 73.0276	 45.748	 45.748	 73.0193	 45.7363	 45.7363	 
4.7	 73.0599	 45.7156	 45.7156	 73.0495	 45.7054	 45.7054	 
4.8	 73.0891	 45.6952	 45.6952	 73.0825	 45.6818	 45.6818	 
4.9	 73.1205	 45.6776	 45.6776	 73.1117	 45.6664	 45.6664	 
5	 73.1272	 45.672	 45.672	 73.1172	 45.6614	 45.6614	 
5.1	 73.1041	 45.683	 45.683	 73.0947	 45.672	 45.672	 
5.2	 73.055	 45.7193	 45.7193	 73.049	 45.7058	 45.7058	 
5.3	 73.0047	 45.7663	 45.7663	 73.0023	 45.7497	 45.7497	 
5.4	 73.002	 45.7732	 45.7732	 72.9975	 45.7582	 45.7582	 
5.5	 73.0277	 45.7479	 45.7479	 73.0196	 45.736	 45.736	 
5.6	 73.0567	 45.7183	 45.7183	 73.0488	 45.7061	 45.7061	 
5.7	 73.0825	 45.6998	 45.6998	 73.0783	 45.6846	 45.6846	 
5.8	 73.1205	 45.6766	 45.6766	 73.1087	 45.6677	 45.6677	 
5.9	 73.1233	 45.6746	 45.6746	 73.1135	 45.6639	 45.6639	 
6	 73.1067	 45.6812	 45.6812	 73.095	 45.6719	 45.6719	 
6.1	 73.0616	 45.7139	 45.7139	 73.0498	 45.705	 45.705	 
6.2	 73.0135	 45.7583	 45.7583	 73.0056	 45.7461	 45.7461	 
6.3	 73.0033	 45.7713	 45.7713	 72.9958	 45.7587	 45.7587	 
6.4	 73.0281	 45.7475	 45.7475	 73.0192	 45.7362	 45.7362	 
6.5	 73.0542	 45.7205	 45.7205	 73.0464	 45.7082	 45.7082	 
6.6	 73.0839	 45.6981	 45.6981	 73.0737	 45.6876	 45.6876	 
6.7	 73.1198	 45.6762	 45.6762	 73.1055	 45.6693	 45.6693	 
6.8	 73.1201	 45.6768	 45.6768	 73.1104	 45.666	 45.666	 
6.9	 73.1065	 45.6815	 45.6815	 73.0972	 45.6704	 45.6704	 
7	 73.0612	 45.7141	 45.7141	 73.0542	 45.7014	 45.7014	 
7.1	 73.0154	 45.7559	 45.7559	 73.0109	 45.741	 45.741	 
7.2	 72.9995	 45.7736	 45.7736	 72.9972	 45.7568	 45.7568	 
7.3	 73.0258	 45.7493	 45.7493	 73.0202	 45.7354	 45.7354	 
7.4	 73.0517	 45.7227	 45.7227	 73.0449	 45.7096	 45.7096	 
7.5	 73.0826	 45.6988	 45.6988	 73.073	 45.6878	 45.6878	 
7.6	 73.1128	 45.6809	 45.6809	 73.1022	 45.671	 45.671	 
7.7	 73.1154	 45.6801	 45.6801	 73.1101	 45.6658	 45.6658	 
7.8	 73.1064	 45.6818	 45.6818	 73.0974	 45.6703	 45.6703	 
7.9	 73.0636	 45.7122	 45.7122	 73.0571	 45.699	 45.699	 
8	 73.0218	 45.75	 45.75	 73.0137	 45.738	 45.738	 
8.1	 73.0025	 45.7705	 45.7705	 72.9969	 45.7563	 45.7563	 
8.2	 73.0287	 45.7468	 45.7468	 73.0179	 45.7371	 45.7371	 
8.3	 73.0523	 45.7223	 45.7223	 73.0427	 45.7115	 45.7115	 
8.4	 73.0803	 45.7002	 45.7002	 73.0717	 45.6884	 45.6884	 
8.5	 73.1069	 45.6848	 45.6848	 73.098	 45.6735	 45.6735	 
8.6	 73.118	 45.6776	 45.6776	 73.1079	 45.6671	 45.6671	 
8.7	 73.1063	 45.6819	 45.6819	 73.0967	 45.671	 45.671	 
8.8	 73.0683	 45.7085	 45.7085	 73.0594	 45.6972	 45.6972	 
8.9	 73.0245	 45.7472	 45.7472	 73.0176	 45.7343	 45.7343	 
9	 73.0031	 45.7693	 45.7693	 72.9978	 45.755	 45.755	 
9.1	 73.026	 45.7489	 45.7489	 73.0175	 45.7373	 45.7373	 
9.2	 73.05	 45.7243	 45.7243	 73.0421	 45.7121	 45.7121	 
9.3	 73.0771	 45.7024	 45.7024	 73.0694	 45.6899	 45.6899	 
9.4	 73.1032	 45.687	 45.687	 73.0948	 45.6753	 45.6753	 
9.5	 73.1192	 45.6761	 45.6761	 73.1069	 45.6675	 45.6675	 
9.6	 73.1044	 45.6835	 45.6835	 73.0948	 45.6726	 45.6726	 
9.7	 73.0714	 45.706	 45.706	 73.0629	 45.6944	 45.6944	 
9.8	 73.0264	 45.7451	 45.7451	 73.0203	 45.7316	 45.7316	 
9.9	 73.0059	 45.7665	 45.7665	 72.9994	 45.753	 45.753	 
10	 73.0264	 45.7484	 45.7484	 73.0156	 45.7387	 45.7387	 
10.1	 73.0504	 45.7241	 45.7241	 73.0412	 45.713	 45.713	 
10.2	 73.0749	 45.7039	 45.7039	 73.0675	 45.6912	 45.6912	 
10.3	 73.1006	 45.6884	 45.6884	 73.0927	 45.6763	 45.6763	 
10.4	 73.1155	 45.6787	 45.6787	 73.1067	 45.6673	 45.6673	 
10.5	 73.1012	 45.6862	 45.6862	 73.0944	 45.6731	 45.6731	 
10.6	 73.0743	 45.7037	 45.7037	 73.0665	 45.6916	 45.6916	 
10.7	 73.0287	 45.7427	 45.7427	 73.0227	 45.7291	 45.7291	 
10.8	 73.0083	 45.7639	 45.7639	 73.0025	 45.7499	 45.7499	 
10.9	 73.0223	 45.7516	 45.7516	 73.0153	 45.7388	 45.7388	 
11	 73.0486	 45.7258	 45.7258	 73.041	 45.7134	 45.7134	 
11.1	 73.0712	 45.7067	 45.7067	 73.0658	 45.6923	 45.6923	 
11.2	 73.0977	 45.6901	 45.6901	 73.0907	 45.6772	 45.6772	 
11.3	 73.1137	 45.6797	 45.6797	 73.1037	 45.6693	 45.6693	 
11.4	 73.1031	 45.6847	 45.6847	 73.0935	 45.6738	 45.6738	 
11.5	 73.0801	 45.6992	 45.6992	 73.0667	 45.6914	 45.6914	 
11.6	 73.033	 45.7388	 45.7388	 73.0247	 45.727	 45.727	 
11.7	 73.0122	 45.7602	 45.7602	 73.0038	 45.7483	 45.7483	 
11.8	 73.02	 45.7533	 45.7533	 73.0137	 45.7399	 45.7399	 
11.9	 73.0501	 45.7247	 45.7247	 73.0399	 45.7144	 45.7144	 
12	 73.0718	 45.706	 45.706	 73.0625	 45.6949	 45.6949	 
12.1	 73.0976	 45.6896	 45.6896	 73.0875	 45.6792	 45.6792	 
12.2	 73.1114	 45.6812	 45.6812	 73.1016	 45.6706	 45.6706	 
12.3	 73.104	 45.6841	 45.6841	 73.0937	 45.6737	 45.6737	 
12.4	 73.0788	 45.7003	 45.7003	 73.0689	 45.6897	 45.6897	 
12.5	 73.0348	 45.737	 45.737	 73.0286	 45.7235	 45.7235	 
12.6	 73.0113	 45.7604	 45.7604	 73.0069	 45.7453	 45.7453	 
12.7	 73.018	 45.7548	 45.7548	 73.0131	 45.7402	 45.7402	 
12.8	 73.0487	 45.7259	 45.7259	 73.0405	 45.7141	 45.7141	 
12.9	 73.0685	 45.7085	 45.7085	 73.0612	 45.6957	 45.6957	 
13	 73.0936	 45.6922	 45.6922	 73.0858	 45.68	 45.68	 
13.1	 73.1076	 45.6839	 45.6839	 73.1001	 45.6715	 45.6715	 
13.2	 73.1036	 45.6844	 45.6844	 73.0943	 45.6732	 45.6732	 
13.3	 73.0789	 45.7003	 45.7003	 73.07	 45.6889	 45.6889	 
13.4	 73.0407	 45.7319	 45.7319	 73.032	 45.7205	 45.7205	 
13.5	 73.0139	 45.7577	 45.7577	 73.0072	 45.7445	 45.7445	 
13.6	 73.0189	 45.7539	 45.7539	 73.0131	 45.74	 45.74	 
13.7	 73.048	 45.7266	 45.7266	 73.0388	 45.7156	 45.7156	 
13.8	 73.067	 45.7097	 45.7097	 73.0596	 45.697	 45.697	 
13.9	 73.0923	 45.6928	 45.6928	 73.0832	 45.6816	 45.6816	 
14	 73.1076	 45.6835	 45.6835	 73.0972	 45.6734	 45.6734	 
14.1	 73.1047	 45.6836	 45.6836	 73.0941	 45.6734	 45.6734	 
14.2	 73.0799	 45.6997	 45.6997	 73.0708	 45.6884	 45.6884	 
14.3	 73.0439	 45.7291	 45.7291	 73.0362	 45.7168	 45.7168	 
14.4	 73.0136	 45.7575	 45.7575	 73.0085	 45.743	 45.743	 
14.5	 73.0192	 45.7535	 45.7535	 73.0133	 45.7397	 45.7397	 
14.6	 73.0447	 45.7294	 45.7294	 73.0371	 45.7171	 45.7171	 
14.7	 73.0669	 45.7097	 45.7097	 73.0585	 45.6978	 45.6978	 
14.8	 73.0908	 45.6935	 45.6935	 73.0804	 45.6834	 45.6834	 
14.9	 73.1064	 45.6841	 45.6841	 73.0951	 45.6747	 45.6747	 
15	 73.1038	 45.6843	 45.6843	 73.0938	 45.6738	 45.6738	 
15.1	 73.0798	 45.6998	 45.6998	 73.0723	 45.6873	 45.6873	 
15.2	 73.0474	 45.726	 45.726	 73.0389	 45.7144	 45.7144	 
15.3	 73.0156	 45.7555	 45.7555	 73.0099	 45.7414	 45.7414	 
15.4	 73.022	 45.751	 45.751	 73.0125	 45.7402	 45.7402	 
15.5	 73.043	 45.7309	 45.7309	 73.0349	 45.7189	 45.7189	 
15.6	 73.0679	 45.7088	 45.7088	 73.058	 45.6982	 45.6982	 
15.7	 73.0868	 45.6963	 45.6963	 73.0784	 45.6845	 45.6845	 
15.8	 73.1033	 45.6862	 45.6862	 73.0947	 45.6747	 45.6747	 
15.9	 73.1018	 45.6859	 45.6859	 73.0938	 45.6737	 45.6737	 
16	 73.081	 45.699	 45.699	 73.0736	 45.6864	 45.6864	 
16.1	 73.0491	 45.7245	 45.7245	 73.0425	 45.7113	 45.7113	 
16.2	 73.0174	 45.7536	 45.7536	 73.0122	 45.7392	 45.7392	 
16.3	 73.0202	 45.7524	 45.7524	 73.0135	 45.7392	 45.7392	 
16.4	 73.0401	 45.7333	 45.7333	 73.0333	 45.7203	 45.7203	 
16.5	 73.0662	 45.7102	 45.7102	 73.0582	 45.698	 45.698	 
16.6	 73.0828	 45.6991	 45.6991	 73.0763	 45.6858	 45.6858	 
16.7	 73.1029	 45.6862	 45.6862	 73.0932	 45.6755	 45.6755	 
16.8	 73.1022	 45.6855	 45.6855	 73.0924	 45.6748	 45.6748	 
16.9	 73.0841	 45.6967	 45.6967	 73.0741	 45.6861	 45.6861	 
17	 73.0523	 45.7217	 45.7217	 73.0439	 45.71	 45.71	 
17.1	 73.0209	 45.7503	 45.7503	 73.0139	 45.7374	 45.7374	 
17.2	 73.0206	 45.7518	 45.7518	 73.0124	 45.7399	 45.7399	 
17.3	 73.041	 45.7326	 45.7326	 73.0314	 45.7219	 45.7219	 
17.4	 73.0675	 45.7092	 45.7092	 73.0559	 45.6999	 45.6999	 
17.5	 73.0819	 45.6996	 45.6996	 73.074	 45.6873	 45.6873	 
17.6	 73.1022	 45.6864	 45.6864	 73.0918	 45.6763	 45.6763	 
17.7	 73.1006	 45.6868	 45.6868	 73.0918	 45.6753	 45.6753	 
17.8	 73.0847	 45.6963	 45.6963	 73.0756	 45.685	 45.685	 
17.9	 73.0533	 45.7207	 45.7207	 73.0457	 45.7084	 45.7084	 
18	 73.0228	 45.7484	 45.7484	 73.0171	 45.7344	 45.7344	 
18.1	 73.0196	 45.7525	 45.7525	 73.0124	 45.7397	 45.7397	 
18.2	 73.0396	 45.7338	 45.7338	 73.0313	 45.7221	 45.7221	 
18.3	 73.0635	 45.7124	 45.7124	 73.0555	 45.7002	 45.7002	 
18.4	 73.0795	 45.7011	 45.7011	 73.0731	 45.6877	 45.6877	 
18.5	 73.0983	 45.6892	 45.6892	 73.0907	 45.6768	 45.6768	 
18.6	 73.099	 45.688	 45.688	 73.0916	 45.6754	 45.6754	 
18.7	 73.0865	 45.6949	 45.6949	 73.0763	 45.6845	 45.6845	 
18.8	 73.056	 45.7185	 45.7185	 73.0472	 45.7071	 45.7071	 
18.9	 73.027	 45.7447	 45.7447	 73.0191	 45.7325	 45.7325	 
19	 73.0187	 45.7529	 45.7529	 73.0127	 45.7393	 45.7393	 
19.1	 73.0391	 45.7344	 45.7344	 73.0306	 45.7228	 45.7228	 
19.2	 73.0613	 45.7142	 45.7142	 73.054	 45.7015	 45.7015	 
19.3	 73.0804	 45.7002	 45.7002	 73.0717	 45.6885	 45.6885	 
19.4	 73.0966	 45.6902	 45.6902	 73.0881	 45.6786	 45.6786	 
19.5	 73.1003	 45.687	 45.687	 73.091	 45.6759	 45.6759	 
19.6	 73.087	 45.6946	 45.6946	 73.0772	 45.684	 45.684	 
19.7	 73.0576	 45.7171	 45.7171	 73.0491	 45.7055	 45.7055	 
19.8	 73.0288	 45.7429	 45.7429	 73.0217	 45.7301	 45.7301	 
19.9	 73.0179	 45.7534	 45.7534	 73.0127	 45.739	 45.739	 
20	 73.0375	 45.7357	 45.7357	 73.0305	 45.7229	 45.7229	 
20.1	 73.0606	 45.7148	 45.7148	 73.0518	 45.7033	 45.7033	 
20.2	 73.0803	 45.7	 45.7	 73.0709	 45.6889	 45.6889	 
20.3	 73.0941	 45.6919	 45.6919	 73.0853	 45.6805	 45.6805	 
20.4	 73.1007	 45.6866	 45.6866	 73.0906	 45.6761	 45.6761	 
20.5	 73.0866	 45.6951	 45.6951	 73.0773	 45.684	 45.684	 
20.6	 73.0606	 45.7147	 45.7147	 73.0508	 45.704	 45.704	 
20.7	 73.0317	 45.7403	 45.7403	 73.0235	 45.7283	 45.7283	 
20.8	 73.0198	 45.7518	 45.7518	 73.0126	 45.7389	 45.7389	 
20.9	 73.0376	 45.7357	 45.7357	 73.0289	 45.7242	 45.7242	 
21	 73.0587	 45.7163	 45.7163	 73.0511	 45.7039	 45.7039	 
21.1	 73.079	 45.7008	 45.7008	 73.07	 45.6894	 45.6894	 
21.2	 73.0914	 45.6937	 45.6937	 73.0834	 45.6817	 45.6817	 
21.3	 73.1004	 45.6868	 45.6868	 73.0905	 45.6762	 45.6762	 
21.4	 73.0857	 45.6959	 45.6959	 73.0782	 45.6834	 45.6834	 
21.5	 73.0625	 45.7131	 45.7131	 73.0537	 45.7017	 45.7017	 
21.6	 73.0321	 45.7396	 45.7396	 73.026	 45.726	 45.726	 
21.7	 73.019	 45.7521	 45.7521	 73.0145	 45.7372	 45.7372	 
21.8	 73.0347	 45.738	 45.738	 73.0284	 45.7247	 45.7247	 
21.9	 73.0567	 45.718	 45.718	 73.0504	 45.7046	 45.7046	 
22	 73.0773	 45.702	 45.702	 73.0691	 45.69	 45.69	 
22.1	 73.0904	 45.6942	 45.6942	 73.0817	 45.6828	 45.6828	 
22.2	 73.1004	 45.6867	 45.6867	 73.0895	 45.6769	 45.6769	 
22.3	 73.0868	 45.6951	 45.6951	 73.0779	 45.6836	 45.6836	 
22.4	 73.0645	 45.7114	 45.7114	 73.0557	 45.7001	 45.7001	 
22.5	 73.0339	 45.7379	 45.7379	 73.0276	 45.7245	 45.7245	 
22.6	 73.0223	 45.7493	 45.7493	 73.0143	 45.7371	 45.7371	 
22.7	 73.0345	 45.7382	 45.7382	 73.0265	 45.7262	 45.7262	 
22.8	 73.0584	 45.7167	 45.7167	 73.0481	 45.7065	 45.7065	 
22.9	 73.0768	 45.7022	 45.7022	 73.0674	 45.6912	 45.6912	 
23	 73.0901	 45.6943	 45.6943	 73.0802	 45.6837	 45.6837	 
23.1	 73.0985	 45.6881	 45.6881	 73.0885	 45.6776	 45.6776	 
23.2	 73.0872	 45.6949	 45.6949	 73.0787	 45.6831	 45.6831	 
23.3	 73.0655	 45.7107	 45.7107	 73.0574	 45.6987	 45.6987	 
23.4	 73.0359	 45.736	 45.736	 73.0295	 45.7227	 45.7227	 
23.5	 73.023	 45.7486	 45.7486	 73.0161	 45.7355	 45.7355	 
23.6	 73.0326	 45.7398	 45.7398	 73.0252	 45.7272	 45.7272	 
23.7	 73.0566	 45.7183	 45.7183	 73.0478	 45.7068	 45.7068	 
23.8	 73.0739	 45.7045	 45.7045	 73.0664	 45.6919	 45.6919	 
23.9	 73.0877	 45.6959	 45.6959	 73.08	 45.6835	 45.6835	 
24	 73.0964	 45.6897	 45.6897	 73.0873	 45.6785	 45.6785	 
24.1	 73.0886	 45.6938	 45.6938	 73.0797	 45.6824	 45.6824	 
24.2	 73.0669	 45.7096	 45.7096	 73.0583	 45.698	 45.698	 
24.3	 73.0389	 45.7334	 45.7334	 73.0316	 45.7208	 45.7208	 
24.4	 73.0235	 45.748	 45.748	 73.0173	 45.7344	 45.7344	 
24.5	 73.0316	 45.7406	 45.7406	 73.0242	 45.7281	 45.7281	 
24.6	 73.0562	 45.7187	 45.7187	 73.0466	 45.7079	 45.7079	 
24.7	 73.0729	 45.7051	 45.7051	 73.065	 45.6929	 45.6929	 
24.8	 73.0879	 45.6954	 45.6954	 73.0788	 45.6843	 45.6843	 
24.9	 73.0945	 45.6911	 45.6911	 73.0865	 45.679	 45.679	 
25	 73.0898	 45.6929	 45.6929	 73.0805	 45.6819	 45.6819	 
25.1	 73.0669	 45.7096	 45.7096	 73.0595	 45.6971	 45.6971	 
25.2	 73.0412	 45.7313	 45.7313	 73.0339	 45.7187	 45.7187	 
25.3	 73.0238	 45.7475	 45.7475	 73.0178	 45.7337	 45.7337	 
25.4	 73.0311	 45.741	 45.741	 73.0239	 45.7283	 45.7283	 
25.5	 73.055	 45.7197	 45.7197	 73.0452	 45.709	 45.709	 
25.6	 73.0722	 45.7056	 45.7056	 73.0636	 45.6939	 45.6939	 
25.7	 73.0865	 45.6963	 45.6963	 73.0779	 45.6847	 45.6847	 
25.8	 73.0929	 45.6923	 45.6923	 73.0851	 45.68	 45.68	 
25.9	 73.0907	 45.6923	 45.6923	 73.0808	 45.6817	 45.6817	 
26	 73.0687	 45.7081	 45.7081	 73.0599	 45.6968	 45.6968	 
26.1	 73.0452	 45.728	 45.728	 73.0353	 45.7175	 45.7175	 
26.2	 73.0255	 45.7459	 45.7459	 73.0181	 45.7333	 45.7333	 
26.3	 73.0318	 45.7404	 45.7404	 73.0233	 45.7288	 45.7288	 
26.4	 73.0526	 45.7217	 45.7217	 73.0441	 45.71	 45.71	 
26.5	 73.0716	 45.706	 45.706	 73.0626	 45.6946	 45.6946	 
26.6	 73.0846	 45.6976	 45.6976	 73.0771	 45.6851	 45.6851	 
26.7	 73.0923	 45.6927	 45.6927	 73.0839	 45.6809	 45.6809	 
26.8	 73.0906	 45.6924	 45.6924	 73.0815	 45.6812	 45.6812	 
26.9	 73.0695	 45.7076	 45.7076	 73.0615	 45.6955	 45.6955	 
27	 73.0462	 45.727	 45.727	 73.0376	 45.7154	 45.7154	 
27.1	 73.025	 45.7461	 45.7461	 73.0198	 45.7317	 45.7317	 
27.2	 73.03	 45.7419	 45.7419	 73.0239	 45.7283	 45.7283	 
27.3	 73.0496	 45.7241	 45.7241	 73.043	 45.711	 45.711	 
27.4	 73.0704	 45.7068	 45.7068	 73.0627	 45.6945	 45.6945	 
27.5	 73.0836	 45.6982	 45.6982	 73.0754	 45.6863	 45.6863	 
27.6	 73.0919	 45.6928	 45.6928	 73.0831	 45.6814	 45.6814	 
27.7	 73.0905	 45.6926	 45.6926	 73.0812	 45.6815	 45.6815	 
27.8	 73.0711	 45.7064	 45.7064	 73.0628	 45.6944	 45.6944	 
27.9	 73.0481	 45.7253	 45.7253	 73.0389	 45.7142	 45.7142	 
28	 73.0278	 45.7437	 45.7437	 73.0204	 45.731	 45.731	 
28.1	 73.0309	 45.7411	 45.7411	 73.023	 45.729	 45.729	 
28.2	 73.0494	 45.7244	 45.7244	 73.0411	 45.7125	 45.7125	 
28.3	 73.0711	 45.7063	 45.7063	 73.0613	 45.6956	 45.6956	 
28.4	 73.0823	 45.699	 45.699	 73.0739	 45.6872	 45.6872	 
28.5	 73.0918	 45.6928	 45.6928	 73.082	 45.6822	 45.6822	 
28.6	 73.0898	 45.6932	 45.6932	 73.0807	 45.6819	 45.6819	 
28.7	 73.0733	 45.7046	 45.7046	 73.064	 45.6936	 45.6936	 
28.8	 73.0485	 45.7248	 45.7248	 73.0409	 45.7125	 45.7125	 
28.9	 73.0296	 45.742	 45.742	 73.022	 45.7296	 45.7296	 
29	 73.0296	 45.7422	 45.7422	 73.0227	 45.7292	 45.7292	 
29.1	 73.0471	 45.7263	 45.7263	 73.0406	 45.7131	 45.7131	 
29.2	 73.069	 45.7079	 45.7079	 73.0606	 45.6961	 45.6961	 
29.3	 73.0806	 45.7001	 45.7001	 73.0731	 45.6877	 45.6877	 
29.4	 73.0911	 45.6932	 45.6932	 73.0813	 45.6826	 45.6826	 
29.5	 73.0895	 45.6935	 45.6935	 73.0802	 45.6824	 45.6824	 
29.6	 73.0751	 45.7033	 45.7033	 73.0657	 45.6923	 45.6923	 
29.7	 73.0494	 45.724	 45.724	 73.0422	 45.7113	 45.7113	 
29.8	 73.0311	 45.7407	 45.7407	 73.024	 45.7278	 45.7278	 
29.9	 73.0286	 45.743	 45.743	 73.0226	 45.7292	 45.7292	 
30	 73.0474	 45.7262	 45.7262	 73.0389	 45.7145	 45.7145	 
30.1	 73.068	 45.7087	 45.7087	 73.0594	 45.6971	 45.6971	 
30.2	 73.0807	 45.6999	 45.6999	 73.0722	 45.6882	 45.6882	 
30.3	 73.0898	 45.6941	 45.6941	 73.0808	 45.6829	 45.6829	 
30.4	 73.0891	 45.6939	 45.6939	 73.0798	 45.6827	 45.6827	 
30.5	 73.0756	 45.7029	 45.7029	 73.0674	 45.6909	 45.6909	 
30.6	 73.0499	 45.7235	 45.7235	 73.0438	 45.71	 45.71	 
30.7	 73.0327	 45.7391	 45.7391	 73.0257	 45.7263	 45.7263	 
30.8	 73.0283	 45.7431	 45.7431	 73.0222	 45.7295	 45.7295	 
30.9	 73.0468	 45.7267	 45.7267	 73.0379	 45.7153	 45.7153	 
31	 73.0666	 45.7098	 45.7098	 73.0578	 45.6983	 45.6983	 
31.1	 73.0802	 45.7001	 45.7001	 73.0715	 45.6886	 45.6886	 
31.2	 73.0882	 45.6953	 45.6953	 73.0795	 45.6838	 45.6838	 
31.3	 73.089	 45.694	 45.694	 73.0799	 45.6827	 45.6827	 
31.4	 73.0778	 45.7012	 45.7012	 73.0675	 45.6909	 45.6909	 
31.5	 73.0526	 45.7213	 45.7213	 73.0448	 45.7091	 45.7091	 
31.6	 73.0351	 45.737	 45.737	 73.0267	 45.7253	 45.7253	 
31.7	 73.0289	 45.7426	 45.7426	 73.0218	 45.7298	 45.7298	 
31.8	 73.0459	 45.7275	 45.7275	 73.0368	 45.7163	 45.7163	 
31.9	 73.0654	 45.7108	 45.7108	 73.0564	 45.6995	 45.6995	 
32	 73.0801	 45.7001	 45.7001	 73.0707	 45.6891	 45.6891	 
32.1	 73.0866	 45.6965	 45.6965	 73.0788	 45.6842	 45.6842	 
32.2	 73.0891	 45.6939	 45.6939	 73.0799	 45.6827	 45.6827	 
32.3	 73.0773	 45.7017	 45.7017	 73.0689	 45.6898	 45.6898	 
32.4	 73.054	 45.7201	 45.7201	 73.0466	 45.7075	 45.7075	 
32.5	 73.0347	 45.7372	 45.7372	 73.0285	 45.7237	 45.7237	 
32.6	 73.0283	 45.743	 45.743	 73.0226	 45.7291	 45.7291	 
32.7	 73.0437	 45.7293	 45.7293	 73.0362	 45.7168	 45.7168	 
32.8	 73.0639	 45.712	 45.712	 73.0555	 45.7002	 45.7002	 
32.9	 73.0792	 45.7007	 45.7007	 73.0702	 45.6893	 45.6893	 
33	 73.085	 45.6975	 45.6975	 73.0781	 45.6846	 45.6846	 
33.1	 73.0888	 45.6942	 45.6942	 73.0799	 45.6828	 45.6828	 
33.2	 73.0774	 45.7016	 45.7016	 73.0695	 45.6894	 45.6894	 
33.3	 73.0566	 45.7179	 45.7179	 73.0481	 45.7063	 45.7063	 
33.4	 73.0367	 45.7354	 45.7354	 73.0287	 45.7233	 45.7233	 
33.5	 73.0305	 45.7412	 45.7412	 73.0226	 45.729	 45.729	 
33.6	 73.043	 45.7299	 45.7299	 73.0347	 45.7181	 45.7181	 
33.7	 73.0636	 45.7122	 45.7122	 73.0543	 45.7012	 45.7012	 
33.8	 73.0783	 45.7012	 45.7012	 73.0693	 45.6899	 45.6899	 
33.9	 73.085	 45.6975	 45.6975	 73.0767	 45.6856	 45.6856	 
34	 73.0883	 45.6946	 45.6946	 73.0797	 45.683	 45.683	 
34.1	 73.0786	 45.7007	 45.7007	 73.0697	 45.6893	 45.6893	 
34.2	 73.0588	 45.7161	 45.7161	 73.0497	 45.7049	 45.7049	 
34.3	 73.0373	 45.7348	 45.7348	 73.0297	 45.7223	 45.7223	 
34.4	 73.0311	 45.7407	 45.7407	 73.0233	 45.7284	 45.7284	 
34.5	 73.0404	 45.732	 45.732	 73.0339	 45.7188	 45.7188	 
34.6	 73.062	 45.7136	 45.7136	 73.0537	 45.7016	 45.7016	 
34.7	 73.0768	 45.7023	 45.7023	 73.0685	 45.6904	 45.6904	 
34.8	 73.0846	 45.6976	 45.6976	 73.0762	 45.6859	 45.6859	 
34.9	 73.088	 45.6948	 45.6948	 73.0788	 45.6837	 45.6837	 
35	 73.0793	 45.7003	 45.7003	 73.0705	 45.6887	 45.6887	 
35.1	 73.0602	 45.715	 45.715	 73.0512	 45.7037	 45.7037	 
35.2	 73.038	 45.734	 45.734	 73.0311	 45.7211	 45.7211	 
35.3	 73.0321	 45.7398	 45.7398	 73.0238	 45.7279	 45.7279	 
35.4	 73.0393	 45.7329	 45.7329	 73.0328	 45.7197	 45.7197	 
35.5	 73.0615	 45.714	 45.714	 73.0528	 45.7024	 45.7024	 
35.6	 73.0758	 45.703	 45.703	 73.0677	 45.691	 45.691	 
35.7	 73.0843	 45.6977	 45.6977	 73.0757	 45.6861	 45.6861	 
35.8	 73.0866	 45.6959	 45.6959	 73.0784	 45.684	 45.684	 
35.9	 73.0799	 45.6998	 45.6998	 73.0712	 45.6883	 45.6883	 
36	 73.0606	 45.7146	 45.7146	 73.0529	 45.7023	 45.7023	 
36.1	 73.0395	 45.7327	 45.7327	 73.0324	 45.7199	 45.7199	 
36.2	 73.0321	 45.7398	 45.7398	 73.0248	 45.727	 45.727	 
36.3	 73.0387	 45.7335	 45.7335	 73.0319	 45.7205	 45.7205	 
36.4	 73.0601	 45.7151	 45.7151	 73.0517	 45.7034	 45.7034	 
36.5	 73.0744	 45.704	 45.704	 73.0669	 45.6915	 45.6915	 
36.6	 73.0841	 45.6977	 45.6977	 73.0749	 45.6866	 45.6866	 
36.7	 73.0862	 45.6962	 45.6962	 73.0773	 45.6848	 45.6848	 
36.8	 73.0818	 45.6984	 45.6984	 73.0712	 45.6883	 45.6883	 
36.9	 73.0625	 45.7131	 45.7131	 73.0537	 45.7016	 45.7016	 
37	 73.0417	 45.7308	 45.7308	 73.0337	 45.7187	 45.7187	 
37.1	 73.0326	 45.7392	 45.7392	 73.0249	 45.7269	 45.7269	 
37.2	 73.0387	 45.7335	 45.7335	 73.0311	 45.7212	 45.7212	 
37.3	 73.0588	 45.7161	 45.7161	 73.0501	 45.7046	 45.7046	 
37.4	 73.0745	 45.7038	 45.7038	 73.0658	 45.6923	 45.6923	 
37.5	 73.0838	 45.6979	 45.6979	 73.0743	 45.687	 45.687	 
37.6	 73.0856	 45.6967	 45.6967	 73.0769	 45.6852	 45.6852	 
37.7	 73.0816	 45.6986	 45.6986	 73.0721	 45.6876	 45.6876	 
37.8	 73.063	 45.7127	 45.7127	 73.055	 45.7006	 45.7006	 
37.9	 73.0422	 45.7303	 45.7303	 73.0358	 45.7169	 45.7169	 
38	 73.0317	 45.7399	 45.7399	 73.0259	 45.726	 45.726	 
38.1	 73.0382	 45.734	 45.734	 73.0311	 45.7212	 45.7212	 
38.2	 73.0567	 45.7179	 45.7179	 73.0488	 45.7057	 45.7057	 
38.3	 73.0739	 45.7042	 45.7042	 73.0652	 45.6927	 45.6927	 
38.4	 73.0821	 45.6991	 45.6991	 73.074	 45.6871	 45.6871	 
38.5	 73.0847	 45.6974	 45.6974	 73.0767	 45.6853	 45.6853	 
38.6	 73.0817	 45.6986	 45.6986	 73.0723	 45.6875	 45.6875	 
38.7	 73.0643	 45.7117	 45.7117	 73.0564	 45.6994	 45.6994	 
38.8	 73.0447	 45.7281	 45.7281	 73.0365	 45.7162	 45.7162	 
38.9	 73.0327	 45.739	 45.739	 73.0261	 45.7257	 45.7257	 
39	 73.0389	 45.7335	 45.7335	 73.0306	 45.7217	 45.7217	 
39.1	 73.0554	 45.719	 45.719	 73.0471	 45.7072	 45.7072	 
39.2	 73.0741	 45.704	 45.704	 73.0642	 45.6934	 45.6934	 
39.3	 73.0813	 45.6996	 45.6996	 73.073	 45.6877	 45.6877	 
39.4	 73.085	 45.6971	 45.6971	 73.0762	 45.6857	 45.6857	 
39.5	 73.0816	 45.6987	 45.6987	 73.0726	 45.6874	 45.6874	 
39.6	 73.0662	 45.7101	 45.7101	 73.0574	 45.6986	 45.6986	 
39.7	 73.0457	 45.7273	 45.7273	 73.038	 45.7149	 45.7149	 
39.8	 73.0332	 45.7385	 45.7385	 73.0265	 45.7253	 45.7253	 
39.9	 73.038	 45.7342	 45.7342	 73.0305	 45.7217	 45.7217	 
40	 73.0536	 45.7204	 45.7204	 73.0457	 45.7083	 45.7083	 
40.1	 73.0733	 45.7046	 45.7046	 73.0637	 45.6938	 45.6938	 
40.2	 73.0807	 45.7	 45.7	 73.0722	 45.6883	 45.6883	 
40.3	 73.0849	 45.6972	 45.6972	 73.0759	 45.6859	 45.6859	 
40.4	 73.0807	 45.6994	 45.6994	 73.0729	 45.6872	 45.6872	 
40.5	 73.0677	 45.7089	 45.7089	 73.0586	 45.6977	 45.6977	 
40.6	 73.0467	 45.7263	 45.7263	 73.0391	 45.7139	 45.7139	 
40.7	 73.0345	 45.7373	 45.7373	 73.0271	 45.7247	 45.7247	 
40.8	 73.038	 45.7342	 45.7342	 73.03	 45.7222	 45.7222	 
40.9	 73.0527	 45.7213	 45.7213	 73.0448	 45.7091	 45.7091	 
41	 73.0723	 45.7054	 45.7054	 73.0628	 45.6944	 45.6944	 
41.1	 73.0797	 45.7006	 45.7006	 73.0719	 45.6883	 45.6883	 
41.2	 73.084	 45.6978	 45.6978	 73.0758	 45.6859	 45.6859	 
41.3	 73.0803	 45.6998	 45.6998	 73.0728	 45.6873	 45.6873	 
41.4	 73.0686	 45.7082	 45.7082	 73.0603	 45.6964	 45.6964	 
41.5	 73.0478	 45.7254	 45.7254	 73.0403	 45.7129	 45.7129	 
41.6	 73.0355	 45.7364	 45.7364	 73.0279	 45.724	 45.724	 
41.7	 73.037	 45.7351	 45.7351	 73.0298	 45.7223	 45.7223	 
41.8	 73.0513	 45.7224	 45.7224	 73.044	 45.7097	 45.7097	 
41.9	 73.0705	 45.7068	 45.7068	 73.0619	 45.6951	 45.6951	 
42	 73.0796	 45.7006	 45.7006	 73.0715	 45.6886	 45.6886	 
42.1	 73.0838	 45.6979	 45.6979	 73.075	 45.6865	 45.6865	 
42.2	 73.0812	 45.6991	 45.6991	 73.0724	 45.6877	 45.6877	 
42.3	 73.0705	 45.7067	 45.7067	 73.0608	 45.696	 45.696	 
42.4	 73.0494	 45.724	 45.724	 73.0414	 45.7119	 45.7119	 
42.5	 73.037	 45.7351	 45.7351	 73.0282	 45.7236	 45.7236	 
42.6	 73.0368	 45.7352	 45.7352	 73.0294	 45.7226	 45.7226	 
42.7	 73.0515	 45.7223	 45.7223	 73.0425	 45.711	 45.711	 
42.8	 73.0691	 45.7078	 45.7078	 73.0608	 45.696	 45.696	 
42.9	 73.08	 45.7001	 45.7001	 73.0711	 45.6888	 45.6888	 
43	 73.0831	 45.6984	 45.6984	 73.0742	 45.6871	 45.6871	 
43.1	 73.0813	 45.6991	 45.6991	 73.0726	 45.6876	 45.6876	 
43.2	 73.0705	 45.7067	 45.7067	 73.0619	 45.6951	 45.6951	 
43.3	 73.0504	 45.7231	 45.7231	 73.043	 45.7106	 45.7106	 
43.4	 73.0368	 45.7352	 45.7352	 73.0296	 45.7224	 45.7224	 
43.5	 73.0363	 45.7357	 45.7357	 73.0294	 45.7227	 45.7227	 
43.6	 73.0499	 45.7236	 45.7236	 73.0422	 45.7113	 45.7113	 
43.7	 73.0672	 45.7093	 45.7093	 73.0597	 45.6968	 45.6968	 
43.8	 73.0793	 45.7006	 45.7006	 73.0711	 45.6887	 45.6887	 
43.9	 73.0817	 45.6996	 45.6996	 73.0739	 45.6872	 45.6872	 
44	 73.0817	 45.6988	 45.6988	 73.0726	 45.6876	 45.6876	 
44.1	 73.0713	 45.7062	 45.7062	 73.0624	 45.6947	 45.6947	 
44.2	 73.0526	 45.7213	 45.7213	 73.0443	 45.7095	 45.7095	 
44.3	 73.0376	 45.7345	 45.7345	 73.0303	 45.7217	 45.7217	 
44.4	 73.0367	 45.7354	 45.7354	 73.0293	 45.7228	 45.7228	 
44.5	 73.0493	 45.7242	 45.7242	 73.0412	 45.7122	 45.7122	 
44.6	 73.0664	 45.71	 45.71	 73.0583	 45.6979	 45.6979	 
44.7	 73.0796	 45.7003	 45.7003	 73.0703	 45.6892	 45.6892	 
44.8	 73.0814	 45.6997	 45.6997	 73.0734	 45.6876	 45.6876	 
44.9	 73.0824	 45.6984	 45.6984	 73.0723	 45.6879	 45.6879	 
45	 73.0718	 45.7058	 45.7058	 73.0629	 45.6944	 45.6944	 
45.1	 73.054	 45.7201	 45.7201	 73.0459	 45.7081	 45.7081	 
45.2	 73.0378	 45.7342	 45.7342	 73.031	 45.7211	 45.7211	 
45.3	 73.0364	 45.7355	 45.7355	 73.0296	 45.7225	 45.7225	 
45.4	 73.0481	 45.7252	 45.7252	 73.0403	 45.713	 45.713	 
45.5	 73.0657	 45.7105	 45.7105	 73.057	 45.699	 45.699	 
45.6	 73.0791	 45.7006	 45.7006	 73.0697	 45.6896	 45.6896	 
45.7	 73.0812	 45.6998	 45.6998	 73.073	 45.6879	 45.6879	 
45.8	 73.0818	 45.6988	 45.6988	 73.0723	 45.6879	 45.6879	 
45.9	 73.0722	 45.7055	 45.7055	 73.0637	 45.6938	 45.6938	 
46	 73.0559	 45.7186	 45.7186	 73.047	 45.7072	 45.7072	 
46.1	 73.0385	 45.7335	 45.7335	 73.0318	 45.7204	 45.7204	 
46.2	 73.0373	 45.7348	 45.7348	 73.0295	 45.7226	 45.7226	 
46.3	 73.047	 45.726	 45.726	 73.0395	 45.7136	 45.7136	 
46.4	 73.065	 45.711	 45.711	 73.0558	 45.6999	 45.6999	 
46.5	 73.0779	 45.7015	 45.7015	 73.0692	 45.6898	 45.6898	 
46.6	 73.081	 45.6999	 45.6999	 73.0728	 45.688	 45.688	 
46.7	 73.0807	 45.6997	 45.6997	 73.0725	 45.6878	 45.6878	 
46.8	 73.0726	 45.7052	 45.7052	 73.0646	 45.693	 45.693	 
46.9	 73.0568	 45.7178	 45.7178	 73.0485	 45.7059	 45.7059	 
47	 73.0393	 45.7328	 45.7328	 73.0328	 45.7195	 45.7195	 
47.1	 73.0369	 45.7351	 45.7351	 73.0298	 45.7223	 45.7223	 
47.2	 73.0457	 45.7272	 45.7272	 73.0388	 45.7142	 45.7142	 
47.3	 73.0636	 45.7122	 45.7122	 73.0551	 45.7005	 45.7005	 
47.4	 73.0772	 45.7019	 45.7019	 73.0681	 45.6906	 45.6906	 
47.5	 73.0813	 45.6996	 45.6996	 73.0727	 45.688	 45.688	 
47.6	 73.0805	 45.6999	 45.6999	 73.072	 45.6883	 45.6883	 
47.7	 73.074	 45.7041	 45.7041	 73.065	 45.6928	 45.6928	 
47.8	 73.0579	 45.7169	 45.7169	 73.0495	 45.7051	 45.7051	 
47.9	 73.0412	 45.7312	 45.7312	 73.0334	 45.7189	 45.7189	 
48	 73.0376	 45.7346	 45.7346	 73.0293	 45.7227	 45.7227	 
48.1	 73.0457	 45.7272	 45.7272	 73.0379	 45.715	 45.715	 
48.2	 73.0631	 45.7125	 45.7125	 73.0538	 45.7016	 45.7016	 
48.3	 73.0766	 45.7023	 45.7023	 73.0673	 45.6912	 45.6912	 
48.4	 73.0815	 45.6993	 45.6993	 73.0724	 45.6881	 45.6881	 
48.5	 73.0795	 45.7007	 45.7007	 73.0718	 45.6884	 45.6884	 
48.6	 73.0745	 45.7037	 45.7037	 73.0657	 45.6922	 45.6922	 
48.7	 73.0583	 45.7165	 45.7165	 73.0507	 45.7041	 45.7041	 
48.8	 73.0423	 45.7302	 45.7302	 73.0347	 45.7178	 45.7178	 
48.9	 73.0371	 45.7349	 45.7349	 73.0294	 45.7225	 45.7225	 
49	 73.045	 45.7278	 45.7278	 73.0376	 45.7153	 45.7153	 
49.1	 73.0612	 45.7141	 45.7141	 73.0529	 45.7022	 45.7022	 
49.2	 73.075	 45.7035	 45.7035	 73.0672	 45.6912	 45.6912	 
49.3	 73.0809	 45.6997	 45.6997	 73.0724	 45.688	 45.688	 
49.4	 73.0792	 45.701	 45.701	 73.0714	 45.6887	 45.6887	 
49.5	 73.0752	 45.7032	 45.7032	 73.0662	 45.6919	 45.6919	 
49.6	 73.0595	 45.7155	 45.7155	 73.0517	 45.7032	 45.7032	 
49.7	 73.044	 45.7287	 45.7287	 73.0356	 45.7169	 45.7169	 
49.8	 73.0369	 45.735	 45.735	 73.0296	 45.7224	 45.7224	 
49.9	 73.0451	 45.7278	 45.7278	 73.0369	 45.7159	 45.7159	 
50	 73.0597	 45.7153	 45.7153	 73.052	 45.703	 45.703	 
50.1	 73.075	 45.7034	 45.7034	 73.0661	 45.692	 45.692	 
50.2	 73.0807	 45.6998	 45.6998	 73.0723	 45.6881	 45.6881	 
50.3	 73.0794	 45.7008	 45.7008	 73.0712	 45.6889	 45.6889	 
50.4	 73.0757	 45.7029	 45.7029	 73.0663	 45.6918	 45.6918	 
50.5	 73.0607	 45.7146	 45.7146	 73.0527	 45.7024	 45.7024	 
50.6	 73.0447	 45.7281	 45.7281	 73.037	 45.7158	 45.7158	 
50.7	 73.0368	 45.7351	 45.7351	 73.0298	 45.7222	 45.7222	 
50.8	 73.0448	 45.7281	 45.7281	 73.0364	 45.7163	 45.7163	 
50.9	 73.0585	 45.7163	 45.7163	 73.0508	 45.704	 45.704	 
51	 73.0743	 45.7039	 45.7039	 73.0655	 45.6925	 45.6925	 
51.1	 73.0803	 45.7	 45.7	 73.0717	 45.6884	 45.6884	 
51.2	 73.0794	 45.7008	 45.7008	 73.0711	 45.689	 45.689	 
51.3	 73.0758	 45.7028	 45.7028	 73.0663	 45.6919	 45.6919	 
51.4	 73.0623	 45.7132	 45.7132	 73.0536	 45.7017	 45.7017	 
51.5	 73.046	 45.727	 45.727	 73.0378	 45.7151	 45.7151	 
51.6	 73.0374	 45.7345	 45.7345	 73.03	 45.7219	 45.7219	 
51.7	 73.0442	 45.7286	 45.7286	 73.036	 45.7166	 45.7166	 
51.8	 73.0575	 45.7171	 45.7171	 73.0498	 45.7048	 45.7048	 
51.9	 73.0735	 45.7045	 45.7045	 73.0646	 45.6931	 45.6931	 
52	 73.0795	 45.7006	 45.7006	 73.0717	 45.6884	 45.6884	 
52.1	 73.0795	 45.7007	 45.7007	 73.0711	 45.689	 45.689	 
52.2	 73.0752	 45.7033	 45.7033	 73.0667	 45.6917	 45.6917	 
52.3	 73.0636	 45.7122	 45.7122	 73.0548	 45.7007	 45.7007	 
52.4	 73.0462	 45.7267	 45.7267	 73.0391	 45.714	 45.714	 
52.5	 73.0373	 45.7346	 45.7346	 73.0309	 45.7212	 45.7212	 
52.6	 73.0429	 45.7297	 45.7297	 73.0357	 45.7169	 45.7169	 
52.7	 73.0564	 45.718	 45.718	 73.0491	 45.7054	 45.7054	 
52.8	 73.0726	 45.7052	 45.7052	 73.0636	 45.6939	 45.6939	 
52.9	 73.0796	 45.7005	 45.7005	 73.0712	 45.6887	 45.6887	 
53	 73.0798	 45.7006	 45.7006	 73.0709	 45.6892	 45.6892	 
53.1	 73.0752	 45.7034	 45.7034	 73.0667	 45.6917	 45.6917	 
53.2	 73.0651	 45.711	 45.711	 73.0557	 45.7	 45.7	 
53.3	 73.0474	 45.7257	 45.7257	 73.0398	 45.7133	 45.7133	 
53.4	 73.0387	 45.7334	 45.7334	 73.031	 45.721	 45.721	 
53.5	 73.0427	 45.7299	 45.7299	 73.035	 45.7175	 45.7175	 
53.6	 73.0565	 45.7179	 45.7179	 73.0479	 45.7063	 45.7063	 
53.7	 73.0717	 45.7058	 45.7058	 73.0625	 45.6947	 45.6947	 
53.8	 73.08	 45.7001	 45.7001	 73.0705	 45.6892	 45.6892	 
53.9	 73.0793	 45.7009	 45.7009	 73.071	 45.6891	 45.6891	 
54	 73.0751	 45.7035	 45.7035	 73.0668	 45.6916	 45.6916	 
54.1	 73.0658	 45.7104	 45.7104	 73.0568	 45.6991	 45.6991	 
54.2	 73.0482	 45.725	 45.725	 73.0409	 45.7123	 45.7123	 
54.3	 73.0391	 45.733	 45.733	 73.0316	 45.7205	 45.7205	 
54.4	 73.0416	 45.7308	 45.7308	 73.0347	 45.7178	 45.7178	 
54.5	 73.0554	 45.7189	 45.7189	 73.0474	 45.7068	 45.7068	 
54.6	 73.07	 45.7072	 45.7072	 73.0616	 45.6954	 45.6954	 
54.7	 73.0794	 45.7005	 45.7005	 73.0706	 45.689	 45.689	 
54.8	 73.0792	 45.701	 45.701	 73.0707	 45.6893	 45.6893	 
54.9	 73.0751	 45.7035	 45.7035	 73.0671	 45.6914	 45.6914	 
55	 73.0665	 45.7099	 45.7099	 73.0577	 45.6984	 45.6984	 
55.1	 73.0495	 45.7239	 45.7239	 73.0421	 45.7113	 45.7113	 
55.2	 73.0397	 45.7325	 45.7325	 73.032	 45.7201	 45.7201	 
55.3	 73.0414	 45.7309	 45.7309	 73.0342	 45.7182	 45.7182	 
55.4	 73.0549	 45.7193	 45.7193	 73.0465	 45.7075	 45.7075	 
55.5	 73.069	 45.7079	 45.7079	 73.0607	 45.6961	 45.6961	 
55.6	 73.0795	 45.7003	 45.7003	 73.0701	 45.6893	 45.6893	 
55.7	 73.079	 45.7012	 45.7012	 73.0707	 45.6893	 45.6893	 
55.8	 73.0754	 45.7034	 45.7034	 73.0672	 45.6914	 45.6914	 
55.9	 73.0666	 45.7098	 45.7098	 73.0585	 45.6977	 45.6977	 
56	 73.0509	 45.7227	 45.7227	 73.0432	 45.7104	 45.7104	 
56.1	 73.04	 45.7322	 45.7322	 73.0325	 45.7197	 45.7197	 
56.2	 73.0415	 45.7309	 45.7309	 73.0338	 45.7186	 45.7186	 
56.3	 73.0541	 45.72	 45.72	 73.0455	 45.7084	 45.7084	 
56.4	 73.068	 45.7087	 45.7087	 73.0599	 45.6967	 45.6967	 
56.5	 73.0791	 45.7006	 45.7006	 73.0696	 45.6897	 45.6897	 
56.6	 73.0787	 45.7013	 45.7013	 73.0707	 45.6893	 45.6893	 
56.7	 73.0758	 45.703	 45.703	 73.067	 45.6916	 45.6916	 
56.8	 73.0675	 45.7091	 45.7091	 73.0588	 45.6975	 45.6975	 
56.9	 73.0527	 45.7212	 45.7212	 73.0443	 45.7095	 45.7095	 
57	 73.0406	 45.7317	 45.7317	 73.0328	 45.7194	 45.7194	 
57.1	 73.0418	 45.7307	 45.7307	 73.0335	 45.7188	 45.7188	 
57.2	 73.053	 45.7209	 45.7209	 73.0446	 45.7091	 45.7091	 
57.3	 73.0672	 45.7093	 45.7093	 73.0591	 45.6973	 45.6973	 
57.4	 73.0779	 45.7015	 45.7015	 73.0694	 45.6897	 45.6897	 
57.5	 73.0789	 45.7012	 45.7012	 73.0707	 45.6892	 45.6892	 
57.6	 73.0756	 45.7033	 45.7033	 73.0673	 45.6914	 45.6914	 
57.7	 73.0677	 45.7089	 45.7089	 73.0595	 45.697	 45.697	 
57.8	 73.0536	 45.7204	 45.7204	 73.0457	 45.7083	 45.7083	 
57.9	 73.0404	 45.7318	 45.7318	 73.0336	 45.7187	 45.7187	 
58	 73.0412	 45.7312	 45.7312	 73.0338	 45.7186	 45.7186	 
58.1	 73.0516	 45.7221	 45.7221	 73.044	 45.7097	 45.7097	 
58.2	 73.0666	 45.7098	 45.7098	 73.0583	 45.6979	 45.6979	 
58.3	 73.077	 45.7021	 45.7021	 73.0688	 45.6902	 45.6902	 
58.4	 73.0791	 45.701	 45.701	 73.0709	 45.689	 45.689	 
58.5	 73.0757	 45.7032	 45.7032	 73.067	 45.6917	 45.6917	 
58.6	 73.0685	 45.7083	 45.7083	 73.0599	 45.6967	 45.6967	 
58.7	 73.0553	 45.719	 45.719	 73.0463	 45.7077	 45.7077	 
58.8	 73.0414	 45.7309	 45.7309	 73.0342	 45.7182	 45.7182	 
58.9	 73.0417	 45.7307	 45.7307	 73.0334	 45.7189	 45.7189	 
59	 73.0511	 45.7225	 45.7225	 73.043	 45.7105	 45.7105	 
59.1	 73.0662	 45.7101	 45.7101	 73.0574	 45.6986	 45.6986	 
59.2	 73.0765	 45.7025	 45.7025	 73.0679	 45.6908	 45.6908	 
59.3	 73.0796	 45.7006	 45.7006	 73.0707	 45.6891	 45.6891	 
59.4	 73.0753	 45.7036	 45.7036	 73.0671	 45.6916	 45.6916	 
59.5	 73.0693	 45.7077	 45.7077	 73.0602	 45.6964	 45.6964	 
59.6	 73.0562	 45.7183	 45.7183	 73.0474	 45.7068	 45.7068	 
59.7	 73.0421	 45.7303	 45.7303	 73.0349	 45.7175	 45.7175	 
59.8	 73.0409	 45.7314	 45.7314	 73.0336	 45.7188	 45.7188	 
59.9	 73.0498	 45.7235	 45.7235	 73.0426	 45.7108	 45.7108	 
60	 73.0651	 45.711	 45.711	 73.0566	 45.6993	 45.6993	 
60.1	 73.0756	 45.7031	 45.7031	 73.0674	 45.6912	 45.6912	 
60.2	 73.0797	 45.7004	 45.7004	 73.0707	 45.6892	 45.6892	 
60.3	 73.0752	 45.7037	 45.7037	 73.0672	 45.6916	 45.6916	 
60.4	 73.0698	 45.7073	 45.7073	 73.0607	 45.6961	 45.6961	 
60.5	 73.0568	 45.7177	 45.7177	 73.0486	 45.7059	 45.7059	 
60.6	 73.0432	 45.7294	 45.7294	 73.0357	 45.7168	 45.7168	 
60.7	 73.0406	 45.7316	 45.7316	 73.0334	 45.7189	 45.7189	 
60.8	 73.0494	 45.7239	 45.7239	 73.0421	 45.7113	 45.7113	 
60.9	 73.0643	 45.7116	 45.7116	 73.0556	 45.7001	 45.7001	 
61	 73.0754	 45.7033	 45.7033	 73.0667	 45.6917	 45.6917	 
61.1	 73.0795	 45.7005	 45.7005	 73.0707	 45.6891	 45.6891	 
61.2	 73.0754	 45.7036	 45.7036	 73.0672	 45.6916	 45.6916	 
61.3	 73.0697	 45.7074	 45.7074	 73.0613	 45.6956	 45.6956	 
61.4	 73.0576	 45.7171	 45.7171	 73.0495	 45.705	 45.705	 
61.5	 73.0442	 45.7285	 45.7285	 73.0366	 45.7161	 45.7161	 
61.6	 73.0404	 45.7318	 45.7318	 73.0333	 45.719	 45.719	 
61.7	 73.0491	 45.7241	 45.7241	 73.0414	 45.7119	 45.7119	 
61.8	 73.063	 45.7126	 45.7126	 73.0546	 45.7008	 45.7008	 
61.9	 73.0749	 45.7036	 45.7036	 73.0661	 45.6921	 45.6921	 
62	 73.0795	 45.7005	 45.7005	 73.0701	 45.6895	 45.6895	 
62.1	 73.0758	 45.7033	 45.7033	 73.0674	 45.6915	 45.6915	 
62.2	 73.0702	 45.707	 45.707	 73.0613	 45.6956	 45.6956	 
62.3	 73.0588	 45.7161	 45.7161	 73.0505	 45.7043	 45.7043	 
62.4	 73.0455	 45.7274	 45.7274	 73.0372	 45.7155	 45.7155	 
62.5	 73.0404	 45.7318	 45.7318	 73.0332	 45.719	 45.719	 
62.6	 73.049	 45.7243	 45.7243	 73.0406	 45.7125	 45.7125	 
62.7	 73.0619	 45.7135	 45.7135	 73.0537	 45.7016	 45.7016	 
62.8	 73.0745	 45.7038	 45.7038	 73.0656	 45.6924	 45.6924	 
62.9	 73.0789	 45.7009	 45.7009	 73.07	 45.6895	 45.6895	 
63	 73.0761	 45.7031	 45.7031	 73.0678	 45.6912	 45.6912	 
63.1	 73.0698	 45.7074	 45.7074	 73.0617	 45.6953	 45.6953	 
63.2	 73.0594	 45.7156	 45.7156	 73.0517	 45.7033	 45.7033	 
63.3	 73.0456	 45.7272	 45.7272	 73.0385	 45.7144	 45.7144	 
63.4	 73.0403	 45.7318	 45.7318	 73.0332	 45.719	 45.719	 
63.5	 73.0481	 45.7251	 45.7251	 73.0402	 45.7129	 45.7129	 
63.6	 73.0608	 45.7144	 45.7144	 73.053	 45.7022	 45.7022	 
63.7	 73.0739	 45.7043	 45.7043	 73.065	 45.6929	 45.6929	 
63.8	 73.0782	 45.7015	 45.7015	 73.0701	 45.6895	 45.6895	 
63.9	 73.0765	 45.7027	 45.7027	 73.0679	 45.6911	 45.6911	 
64	 73.0699	 45.7073	 45.7073	 73.0618	 45.6953	 45.6953	 
64.1	 73.0608	 45.7144	 45.7144	 73.0523	 45.7028	 45.7028	 
64.2	 73.0469	 45.7261	 45.7261	 73.0391	 45.7139	 45.7139	 
64.3	 73.0411	 45.7312	 45.7312	 73.0332	 45.719	 45.719	 
64.4	 73.0479	 45.7253	 45.7253	 73.0394	 45.7136	 45.7136	 
64.5	 73.0604	 45.7148	 45.7148	 73.0519	 45.703	 45.703	 
64.6	 73.0732	 45.7047	 45.7047	 73.0642	 45.6934	 45.6934	 
64.7	 73.078	 45.7016	 45.7016	 73.0698	 45.6896	 45.6896	 
64.8	 73.0768	 45.7025	 45.7025	 73.0681	 45.691	 45.691	 
64.9	 73.0702	 45.7071	 45.7071	 73.0619	 45.6953	 45.6953	 
65	 73.0617	 45.7137	 45.7137	 73.0531	 45.7021	 45.7021	 
65.1	 73.0477	 45.7254	 45.7254	 73.0399	 45.7132	 45.7132	 
65.2	 73.041	 45.7313	 45.7313	 73.0337	 45.7186	 45.7186	 
65.3	 73.0468	 45.7261	 45.7261	 73.0389	 45.714	 45.714	 
65.4	 73.0594	 45.7155	 45.7155	 73.0513	 45.7035	 45.7035	 
65.5	 73.0721	 45.7056	 45.7056	 73.0636	 45.6939	 45.6939	 
65.6	 73.0779	 45.7016	 45.7016	 73.0696	 45.6897	 45.6897	 
65.7	 73.0768	 45.7025	 45.7025	 73.0682	 45.6909	 45.6909	 
65.8	 73.0703	 45.7071	 45.7071	 73.0623	 45.6949	 45.6949	 
65.9	 73.0626	 45.713	 45.713	 73.0534	 45.7018	 45.7018	 
66	 73.0486	 45.7247	 45.7247	 73.041	 45.7123	 45.7123	 
66.1	 73.0415	 45.7308	 45.7308	 73.0338	 45.7185	 45.7185	 
66.2	 73.046	 45.7268	 45.7268	 73.0386	 45.7143	 45.7143	 
66.3	 73.059	 45.7159	 45.7159	 73.0505	 45.7041	 45.7041	 
66.4	 73.0712	 45.7063	 45.7063	 73.0628	 45.6945	 45.6945	 
66.5	 73.0778	 45.7017	 45.7017	 73.0695	 45.6898	 45.6898	 
66.6	 73.0765	 45.7028	 45.7028	 73.0684	 45.6908	 45.6908	 
66.7	 73.0707	 45.7068	 45.7068	 73.0626	 45.6947	 45.6947	 
66.8	 73.0628	 45.7128	 45.7128	 73.054	 45.7013	 45.7013	 
66.9	 73.0497	 45.7237	 45.7237	 73.042	 45.7114	 45.7114	 
67	 73.0416	 45.7307	 45.7307	 73.0341	 45.7182	 45.7182	 
67.1	 73.0455	 45.7273	 45.7273	 73.0381	 45.7147	 45.7147	 
67.2	 73.058	 45.7167	 45.7167	 73.05	 45.7046	 45.7046	 
67.3	 73.0704	 45.7069	 45.7069	 73.0619	 45.6952	 45.6952	 
67.4	 73.0779	 45.7015	 45.7015	 73.069	 45.6901	 45.6901	 
67.5	 73.0767	 45.7026	 45.7026	 73.0682	 45.6909	 45.6909	 
67.6	 73.0716	 45.7061	 45.7061	 73.0627	 45.6947	 45.6947	 
67.7	 73.0633	 45.7124	 45.7124	 73.0544	 45.701	 45.701	 
67.8	 73.0514	 45.7224	 45.7224	 73.0428	 45.7108	 45.7108	 
67.9	 73.042	 45.7304	 45.7304	 73.0343	 45.718	 45.718	 
68	 73.0452	 45.7275	 45.7275	 73.0377	 45.715	 45.715	 
68.1	 73.0574	 45.7172	 45.7172	 73.049	 45.7054	 45.7054	 
68.2	 73.0697	 45.7075	 45.7075	 73.0613	 45.6957	 45.6957	 
68.3	 73.0778	 45.7015	 45.7015	 73.0686	 45.6904	 45.6904	 
68.4	 73.0767	 45.7026	 45.7026	 73.0682	 45.6909	 45.6909	 
68.5	 73.0716	 45.7061	 45.7061	 73.0633	 45.6943	 45.6943	 
68.6	 73.0632	 45.7125	 45.7125	 73.0551	 45.7005	 45.7005	 
68.7	 73.052	 45.7218	 45.7218	 73.0441	 45.7096	 45.7096	 
68.8	 73.0419	 45.7304	 45.7304	 73.0348	 45.7176	 45.7176	 
68.9	 73.0446	 45.728	 45.728	 73.0376	 45.7152	 45.7152	 
69	 73.0562	 45.7181	 45.7181	 73.0484	 45.7059	 45.7059	 
69.1	 73.0688	 45.7081	 45.7081	 73.0607	 45.6961	 45.6961	 
69.2	 73.0772	 45.702	 45.702	 73.0683	 45.6906	 45.6906	 
69.3	 73.0767	 45.7026	 45.7026	 73.0684	 45.6907	 45.6907	 
69.4	 73.072	 45.7058	 45.7058	 73.0634	 45.6942	 45.6942	 
69.5	 73.0637	 45.7121	 45.7121	 73.0555	 45.7001	 45.7001	 
69.6	 73.0533	 45.7207	 45.7207	 73.0449	 45.709	 45.709	 
69.7	 73.0426	 45.7299	 45.7299	 73.0353	 45.7171	 45.7171	 
69.8	 73.045	 45.7277	 45.7277	 73.0368	 45.7158	 45.7158	 
69.9	 73.0555	 45.7188	 45.7188	 73.0476	 45.7066	 45.7066	 
70	 73.0685	 45.7083	 45.7083	 73.0598	 45.6967	 45.6967	 
70.1	 73.0768	 45.7022	 45.7022	 73.0677	 45.691	 45.691	 
70.2	 73.0771	 45.7022	 45.7022	 73.0684	 45.6907	 45.6907	 
70.3	 73.0723	 45.7057	 45.7057	 73.0636	 45.6941	 45.6941	 
70.4	 73.0642	 45.7117	 45.7117	 73.056	 45.6997	 45.6997	 
70.5	 73.054	 45.7202	 45.7202	 73.0457	 45.7083	 45.7083	 
70.6	 73.043	 45.7295	 45.7295	 73.036	 45.7166	 45.7166	 
70.7	 73.0444	 45.7282	 45.7282	 73.0366	 45.716	 45.716	 
70.8	 73.0548	 45.7193	 45.7193	 73.0466	 45.7074	 45.7074	 
70.9	 73.0678	 45.7089	 45.7089	 73.0592	 45.6972	 45.6972	 
71	 73.0761	 45.7028	 45.7028	 73.0674	 45.6912	 45.6912	 
71.1	 73.0773	 45.7021	 45.7021	 73.0686	 45.6906	 45.6906	 
71.2	 73.0722	 45.7057	 45.7057	 73.0638	 45.6939	 45.6939	 
71.3	 73.0647	 45.7113	 45.7113	 73.0565	 45.6993	 45.6993	 
71.4	 73.0546	 45.7196	 45.7196	 73.0465	 45.7076	 45.7076	 
71.5	 73.044	 45.7286	 45.7286	 73.0366	 45.7161	 45.7161	 
71.6	 73.0441	 45.7285	 45.7285	 73.0362	 45.7163	 45.7163	 
71.7	 73.0542	 45.7198	 45.7198	 73.046	 45.7079	 45.7079	 
71.8	 73.067	 45.7095	 45.7095	 73.0584	 45.6978	 45.6978	 
71.9	 73.0754	 45.7033	 45.7033	 73.0671	 45.6914	 45.6914	 
72	 73.0772	 45.7022	 45.7022	 73.0688	 45.6904	 45.6904	 
72.1	 73.072	 45.7059	 45.7059	 73.0643	 45.6936	 45.6936	 
72.2	 73.0653	 45.7108	 45.7108	 73.057	 45.6989	 45.6989	 
72.3	 73.0552	 45.7191	 45.7191	 73.047	 45.7071	 45.7071	 
72.4	 73.0447	 45.728	 45.728	 73.0375	 45.7153	 45.7153	 
72.5	 73.0435	 45.7289	 45.7289	 73.0359	 45.7165	 45.7165	 
72.6	 73.0534	 45.7205	 45.7205	 73.0455	 45.7084	 45.7084	 
72.7	 73.0662	 45.7101	 45.7101	 73.0575	 45.6985	 45.6985	 
72.8	 73.075	 45.7035	 45.7035	 73.0666	 45.6917	 45.6917	 
72.9	 73.0773	 45.702	 45.702	 73.0686	 45.6905	 45.6905	 
73	 73.0726	 45.7055	 45.7055	 73.0643	 45.6936	 45.6936	 
73.1	 73.0661	 45.7102	 45.7102	 73.0572	 45.6988	 45.6988	 
73.2	 73.0561	 45.7183	 45.7183	 73.0475	 45.7067	 45.7067	 
73.3	 73.0461	 45.7269	 45.7269	 73.0379	 45.715	 45.715	 
73.4	 73.0432	 45.7292	 45.7292	 73.0357	 45.7167	 45.7167	 
73.5	 73.0532	 45.7207	 45.7207	 73.0446	 45.709	 45.709	 
73.6	 73.0653	 45.7108	 45.7108	 73.0568	 45.6991	 45.6991	 
73.7	 73.0749	 45.7036	 45.7036	 73.0661	 45.6921	 45.6921	 
73.8	 73.0771	 45.7022	 45.7022	 73.0686	 45.6905	 45.6905	 
73.9	 73.0727	 45.7054	 45.7054	 73.0647	 45.6933	 45.6933	 
74	 73.0661	 45.7102	 45.7102	 73.0577	 45.6984	 45.6984	 
74.1	 73.0565	 45.718	 45.718	 73.0483	 45.706	 45.706	 
74.2	 73.0466	 45.7264	 45.7264	 73.0387	 45.7143	 45.7143	 
74.3	 73.0427	 45.7296	 45.7296	 73.0358	 45.7166	 45.7166	 
74.4	 73.0521	 45.7216	 45.7216	 73.0443	 45.7094	 45.7094	 
74.5	 73.0642	 45.7117	 45.7117	 73.0562	 45.6996	 45.6996	 
74.6	 73.0741	 45.7042	 45.7042	 73.0659	 45.6923	 45.6923	 
74.7	 73.077	 45.7023	 45.7023	 73.0684	 45.6906	 45.6906	 
74.8	 73.0731	 45.7051	 45.7051	 73.065	 45.6931	 45.6931	 
74.9	 73.0664	 45.7099	 45.7099	 73.058	 45.6982	 45.6982	 
75	 73.0575	 45.7172	 45.7172	 73.0489	 45.7055	 45.7055	 
75.1	 73.0475	 45.7257	 45.7257	 73.0393	 45.7137	 45.7137	 
75.2	 73.0431	 45.7293	 45.7293	 73.0357	 45.7167	 45.7167	 
75.3	 73.0514	 45.7221	 45.7221	 73.0435	 45.71	 45.71	 
75.4	 73.0636	 45.7122	 45.7122	 73.0555	 45.7001	 45.7001	 
75.5	 73.074	 45.7042	 45.7042	 73.0651	 45.6928	 45.6928	 
75.6	 73.077	 45.7022	 45.7022	 73.0682	 45.6908	 45.6908	 
75.7	 73.0737	 45.7046	 45.7046	 73.0651	 45.693	 45.693	 
75.8	 73.0666	 45.7098	 45.7098	 73.0583	 45.698	 45.698	 
75.9	 73.0581	 45.7167	 45.7167	 73.0497	 45.7049	 45.7049	 
76	 73.0479	 45.7253	 45.7253	 73.0399	 45.7132	 45.7132	 
76.1	 73.0431	 45.7293	 45.7293	 73.0359	 45.7165	 45.7165	 
76.2	 73.0507	 45.7228	 45.7228	 73.0427	 45.7107	 45.7107	 
76.3	 73.0629	 45.7127	 45.7127	 73.0549	 45.7006	 45.7006	 
76.4	 73.0734	 45.7047	 45.7047	 73.0645	 45.6933	 45.6933	 
76.5	 73.0768	 45.7023	 45.7023	 73.0682	 45.6908	 45.6908	 
76.6	 73.0741	 45.7043	 45.7043	 73.0652	 45.693	 45.693	 
76.7	 73.0669	 45.7096	 45.7096	 73.0586	 45.6977	 45.6977	 
76.8	 73.0587	 45.7162	 45.7162	 73.0504	 45.7043	 45.7043	 
76.9	 73.0486	 45.7247	 45.7247	 73.0406	 45.7126	 45.7126	 
77	 73.0436	 45.7289	 45.7289	 73.0361	 45.7164	 45.7164	 
77.1	 73.0497	 45.7236	 45.7236	 73.042	 45.7112	 45.7112	 
77.2	 73.0625	 45.713	 45.713	 73.0541	 45.7013	 45.7013	 
77.3	 73.0724	 45.7054	 45.7054	 73.0641	 45.6935	 45.6935	 
77.4	 73.0767	 45.7024	 45.7024	 73.0681	 45.6908	 45.6908	 
77.5	 73.0741	 45.7044	 45.7044	 73.0655	 45.6927	 45.6927	 
77.6	 73.0671	 45.7095	 45.7095	 73.0591	 45.6973	 45.6973	 
77.7	 73.0591	 45.7158	 45.7158	 73.051	 45.7038	 45.7038	 
77.8	 73.049	 45.7244	 45.7244	 73.0415	 45.7119	 45.7119	 
77.9	 73.0437	 45.7288	 45.7288	 73.0364	 45.7161	 45.7161	 
78	 73.0489	 45.7243	 45.7243	 73.0413	 45.7118	 45.7118	 
78.1	 73.0619	 45.7135	 45.7135	 73.0535	 45.7018	 45.7018	 
78.2	 73.0719	 45.7058	 45.7058	 73.0633	 45.6941	 45.6941	 
78.3	 73.0768	 45.7023	 45.7023	 73.068	 45.6909	 45.6909	 
78.4	 73.0744	 45.7042	 45.7042	 73.0656	 45.6927	 45.6927	 
78.5	 73.0677	 45.709	 45.709	 73.0595	 45.6971	 45.6971	 
78.6	 73.0599	 45.7152	 45.7152	 73.0512	 45.7036	 45.7036	 
78.7	 73.05	 45.7235	 45.7235	 73.0421	 45.7113	 45.7113	 
78.8	 73.0442	 45.7284	 45.7284	 73.0366	 45.716	 45.716	 
78.9	 73.0486	 45.7245	 45.7245	 73.0406	 45.7124	 45.7124	 
79	 73.0615	 45.7138	 45.7138	 73.0525	 45.7025	 45.7025	 
79.1	 73.0714	 45.7061	 45.7061	 73.0627	 45.6946	 45.6946	 
79.2	 73.0766	 45.7025	 45.7025	 73.0679	 45.6909	 45.6909	 
79.3	 73.0742	 45.7043	 45.7043	 73.0659	 45.6925	 45.6925	 
79.4	 73.0681	 45.7087	 45.7087	 73.0599	 45.6968	 45.6968	 
79.5	 73.0599	 45.7151	 45.7151	 73.0519	 45.7031	 45.7031	 
79.6	 73.0507	 45.7229	 45.7229	 73.0428	 45.7107	 45.7107	 
79.7	 73.0444	 45.7283	 45.7283	 73.0368	 45.7158	 45.7158	 
79.8	 73.0477	 45.7253	 45.7253	 73.0405	 45.7126	 45.7126	 
79.9	 73.0604	 45.7147	 45.7147	 73.0518	 45.7031	 45.7031	 
80	 73.0706	 45.7067	 45.7067	 73.0624	 45.6948	 45.6948	 
80.1	 73.0762	 45.7028	 45.7028	 73.0677	 45.691	 45.691	 
80.2	 73.0742	 45.7043	 45.7043	 73.0662	 45.6922	 45.6922	 
80.3	 73.0685	 45.7084	 45.7084	 73.0602	 45.6965	 45.6965	 
80.4	 73.0605	 45.7147	 45.7147	 73.0522	 45.7028	 45.7028	 
80.5	 73.0517	 45.7221	 45.7221	 73.0434	 45.7102	 45.7102	 
80.6	 73.0447	 45.728	 45.728	 73.037	 45.7156	 45.7156	 
80.7	 73.0475	 45.7254	 45.7254	 73.04	 45.713	 45.713	 
80.8	 73.0595	 45.7155	 45.7155	 73.051	 45.7038	 45.7038	 
80.9	 73.0704	 45.7069	 45.7069	 73.0618	 45.6953	 45.6953	 
81	 73.0759	 45.7029	 45.7029	 73.0674	 45.6913	 45.6913	 
81.1	 73.0747	 45.7039	 45.7039	 73.0663	 45.6922	 45.6922	 
81.2	 73.0687	 45.7083	 45.7083	 73.0607	 45.6962	 45.6962	 
81.3	 73.0609	 45.7143	 45.7143	 73.0527	 45.7024	 45.7024	 
81.4	 73.0524	 45.7215	 45.7215	 73.044	 45.7097	 45.7097	 
81.5	 73.045	 45.7277	 45.7277	 73.0374	 45.7153	 45.7153	 
81.6	 73.0473	 45.7257	 45.7257	 73.0396	 45.7133	 45.7133	 
81.7	 73.0584	 45.7163	 45.7163	 73.0502	 45.7044	 45.7044	 
81.8	 73.0699	 45.7072	 45.7072	 73.0614	 45.6956	 45.6956	 
81.9	 73.0756	 45.7032	 45.7032	 73.0669	 45.6916	 45.6916	 
82	 73.0749	 45.7038	 45.7038	 73.0665	 45.692	 45.692	 
82.1	 73.0692	 45.7079	 45.7079	 73.0607	 45.6962	 45.6962	 
82.2	 73.0614	 45.7139	 45.7139	 73.0532	 45.702	 45.702	 
82.3	 73.0531	 45.7209	 45.7209	 73.0445	 45.7093	 45.7093	 
82.4	 73.0456	 45.7272	 45.7272	 73.0377	 45.715	 45.715	 
82.5	 73.047	 45.7259	 45.7259	 73.0393	 45.7136	 45.7136	 
82.6	 73.0573	 45.7172	 45.7172	 73.0495	 45.705	 45.705	 
82.7	 73.0694	 45.7077	 45.7077	 73.061	 45.6959	 45.6959	 
82.8	 73.075	 45.7036	 45.7036	 73.0666	 45.6918	 45.6918	 
82.9	 73.0751	 45.7036	 45.7036	 73.0667	 45.6918	 45.6918	 
83	 73.0694	 45.7078	 45.7078	 73.061	 45.6959	 45.6959	 
83.1	 73.0618	 45.7136	 45.7136	 73.0538	 45.7015	 45.7015	 
83.2	 73.0532	 45.7208	 45.7208	 73.0453	 45.7086	 45.7086	 
83.3	 73.0459	 45.7269	 45.7269	 73.0383	 45.7145	 45.7145	 
83.4	 73.0465	 45.7264	 45.7264	 73.039	 45.7138	 45.7138	 
83.5	 73.0564	 45.718	 45.718	 73.0488	 45.7055	 45.7055	 
83.6	 73.0689	 45.708	 45.708	 73.0603	 45.6964	 45.6964	 
83.7	 73.0747	 45.7038	 45.7038	 73.0664	 45.6919	 45.6919	 
83.8	 73.0756	 45.7032	 45.7032	 73.0665	 45.692	 45.692	 
83.9	 73.0698	 45.7075	 45.7075	 73.0613	 45.6958	 45.6958	 
84	 73.0625	 45.713	 45.713	 73.0541	 45.7013	 45.7013	 
84.1	 73.054	 45.7201	 45.7201	 73.0457	 45.7083	 45.7083	 
84.2	 73.0467	 45.7263	 45.7263	 73.0388	 45.7141	 45.7141	 
84.3	 73.0465	 45.7264	 45.7264	 73.0386	 45.7141	 45.7141	 
84.4	 73.056	 45.7183	 45.7183	 73.0479	 45.7063	 45.7063	 
84.5	 73.0683	 45.7084	 45.7084	 73.0596	 45.6969	 45.6969	 
84.6	 73.0746	 45.7038	 45.7038	 73.066	 45.6922	 45.6922	 
84.7	 73.0754	 45.7034	 45.7034	 73.0667	 45.6919	 45.6919	 
84.8	 73.0701	 45.7072	 45.7072	 73.0616	 45.6955	 45.6955	 
84.9	 73.0628	 45.7128	 45.7128	 73.0545	 45.7009	 45.7009	 
85	 73.0543	 45.7198	 45.7198	 73.0463	 45.7077	 45.7077	 
85.1	 73.047	 45.7261	 45.7261	 73.0395	 45.7135	 45.7135	 
85.2	 73.046	 45.7268	 45.7268	 73.0386	 45.7142	 45.7142	 
85.3	 73.0551	 45.719	 45.719	 73.0473	 45.7068	 45.7068	 
85.4	 73.0674	 45.7092	 45.7092	 73.0589	 45.6975	 45.6975	 
85.5	 73.0743	 45.704	 45.704	 73.0659	 45.6923	 45.6923	 
85.6	 73.0752	 45.7035	 45.7035	 73.0667	 45.6919	 45.6919	 
85.7	 73.0705	 45.707	 45.707	 73.0622	 45.6951	 45.6951	 
85.8	 73.0633	 45.7124	 45.7124	 73.0548	 45.7007	 45.7007	 
85.9	 73.0548	 45.7194	 45.7194	 73.047	 45.7071	 45.7071	 
86	 73.0477	 45.7255	 45.7255	 73.0399	 45.7132	 45.7132	 
86.1	 73.0459	 45.7268	 45.7268	 73.0385	 45.7143	 45.7143	 
86.2	 73.0545	 45.7195	 45.7195	 73.0465	 45.7074	 45.7074	 
86.3	 73.0669	 45.7096	 45.7096	 73.0581	 45.6981	 45.6981	 
86.4	 73.0743	 45.704	 45.704	 73.0656	 45.6925	 45.6925	 
86.5	 73.0751	 45.7036	 45.7036	 73.0666	 45.6919	 45.6919	 
86.6	 73.0708	 45.7067	 45.7067	 73.0626	 45.6948	 45.6948	 
86.7	 73.0634	 45.7123	 45.7123	 73.0552	 45.7004	 45.7004	 
86.8	 73.0555	 45.7188	 45.7188	 73.0474	 45.7068	 45.7068	 
86.9	 73.0481	 45.7251	 45.7251	 73.0403	 45.7129	 45.7129	 
87	 73.046	 45.7268	 45.7268	 73.0385	 45.7143	 45.7143	 
87.1	 73.0539	 45.7201	 45.7201	 73.0457	 45.7081	 45.7081	 
87.2	 73.066	 45.7102	 45.7102	 73.0574	 45.6987	 45.6987	 
87.3	 73.0741	 45.7042	 45.7042	 73.0652	 45.6927	 45.6927	 
87.4	 73.0749	 45.7037	 45.7037	 73.0665	 45.692	 45.692	 
87.5	 73.0714	 45.7063	 45.7063	 73.0629	 45.6946	 45.6946	 
87.6	 73.0637	 45.7121	 45.7121	 73.0556	 45.7	 45.7	 
87.7	 73.0564	 45.7181	 45.7181	 73.0479	 45.7064	 45.7064	 
87.8	 73.0487	 45.7246	 45.7246	 73.0406	 45.7126	 45.7126	 
87.9	 73.0462	 45.7266	 45.7266	 73.0385	 45.7143	 45.7143	 
88	 73.053	 45.7208	 45.7208	 73.0451	 45.7086	 45.7086	 
88.1	 73.0652	 45.7109	 45.7109	 73.0568	 45.6991	 45.6991	 
88.2	 73.0737	 45.7044	 45.7044	 73.0649	 45.6929	 45.6929	 
88.3	 73.0748	 45.7038	 45.7038	 73.0665	 45.6919	 45.6919	 
88.4	 73.0714	 45.7063	 45.7063	 73.0634	 45.6942	 45.6942	 
88.5	 73.064	 45.7118	 45.7118	 73.056	 45.6997	 45.6997	 
88.6	 73.0565	 45.7179	 45.7179	 73.0486	 45.7058	 45.7058	 
88.7	 73.049	 45.7244	 45.7244	 73.0411	 45.7122	 45.7122	 
88.8	 73.0462	 45.7266	 45.7266	 73.0387	 45.7142	 45.7142	 
88.9	 73.0522	 45.7215	 45.7215	 73.0445	 45.7091	 45.7091	 
89	 73.0644	 45.7115	 45.7115	 73.0562	 45.6996	 45.6996	 
89.1	 73.0732	 45.7048	 45.7048	 73.0646	 45.6932	 45.6932	 
89.2	 73.0749	 45.7037	 45.7037	 73.0665	 45.692	 45.692	 
89.3	 73.0719	 45.706	 45.706	 73.0634	 45.6942	 45.6942	 
89.4	 73.0646	 45.7114	 45.7114	 73.0565	 45.6994	 45.6994	 
89.5	 73.0573	 45.7173	 45.7173	 73.0488	 45.7056	 45.7056	 
89.6	 73.0497	 45.7237	 45.7237	 73.0415	 45.7118	 45.7118	 
89.7	 73.0467	 45.7262	 45.7262	 73.0386	 45.7142	 45.7142	 
89.8	 73.0517	 45.7218	 45.7218	 73.0438	 45.7097	 45.7097	 
89.9	 73.0638	 45.712	 45.712	 73.0554	 45.7002	 45.7002	 
90	 73.0728	 45.7051	 45.7051	 73.0642	 45.6935	 45.6935	 
90.1	 73.075	 45.7037	 45.7037	 73.0665	 45.692	 45.692	 
90.2	 73.0721	 45.7058	 45.7058	 73.0634	 45.6942	 45.6942	 
90.3	 73.0651	 45.711	 45.711	 73.057	 45.699	 45.699	 
90.4	 73.0575	 45.7171	 45.7171	 73.0492	 45.7052	 45.7052	 
90.5	 73.0502	 45.7234	 45.7234	 73.0421	 45.7113	 45.7113	 
90.6	 73.0465	 45.7264	 45.7264	 73.0388	 45.714	 45.714	 
90.7	 73.051	 45.7224	 45.7224	 73.0434	 45.71	 45.71	 
90.8	 73.0628	 45.7128	 45.7128	 73.0547	 45.7008	 45.7008	 
90.9	 73.0723	 45.7055	 45.7055	 73.0638	 45.6937	 45.6937	 
91	 73.0749	 45.7037	 45.7037	 73.0665	 45.692	 45.692	 
91.1	 73.0721	 45.7058	 45.7058	 73.0637	 45.694	 45.694	 
91.2	 73.0658	 45.7104	 45.7104	 73.0573	 45.6987	 45.6987	 
91.3	 73.0578	 45.7169	 45.7169	 73.0496	 45.7049	 45.7049	 
91.4	 73.0507	 45.7229	 45.7229	 73.0428	 45.7107	 45.7107	 
91.5	 73.0466	 45.7263	 45.7263	 73.039	 45.7139	 45.7139	 
91.6	 73.0507	 45.7227	 45.7227	 73.043	 45.7104	 45.7104	 
91.7	 73.062	 45.7134	 45.7134	 73.0538	 45.7015	 45.7015	 
91.8	 73.0719	 45.7057	 45.7057	 73.0634	 45.694	 45.694	 
91.9	 73.0749	 45.7037	 45.7037	 73.0664	 45.692	 45.692	 
92	 73.0723	 45.7057	 45.7057	 73.0638	 45.694	 45.694	 
92.1	 73.0662	 45.7102	 45.7102	 73.0579	 45.6983	 45.6983	 
92.2	 73.0582	 45.7165	 45.7165	 73.05	 45.7046	 45.7046	 
92.3	 73.0512	 45.7225	 45.7225	 73.0434	 45.7103	 45.7103	 
92.4	 73.0467	 45.7262	 45.7262	 73.0391	 45.7138	 45.7138	 
92.5	 73.0503	 45.7231	 45.7231	 73.0427	 45.7106	 45.7106	 
92.6	 73.0613	 45.714	 45.714	 73.0528	 45.7022	 45.7022	 
92.7	 73.0716	 45.7059	 45.7059	 73.0629	 45.6944	 45.6944	 
92.8	 73.0749	 45.7037	 45.7037	 73.0662	 45.6921	 45.6921	 
92.9	 73.0725	 45.7055	 45.7055	 73.0639	 45.6939	 45.6939	 
93	 73.0668	 45.7097	 45.7097	 73.0581	 45.6981	 45.6981	 
93.1	 73.0587	 45.7161	 45.7161	 73.0504	 45.7042	 45.7042	 
93.2	 73.0519	 45.7218	 45.7218	 73.0437	 45.71	 45.71	 
93.3	 73.0469	 45.7261	 45.7261	 73.0394	 45.7136	 45.7136	 
93.4	 73.05	 45.7233	 45.7233	 73.0422	 45.711	 45.711	 
93.5	 73.0604	 45.7147	 45.7147	 73.0521	 45.7029	 45.7029	 
93.6	 73.0712	 45.7062	 45.7062	 73.0625	 45.6947	 45.6947	 
93.7	 73.0747	 45.7038	 45.7038	 73.0661	 45.6922	 45.6922	 
93.8	 73.0725	 45.7055	 45.7055	 73.0643	 45.6936	 45.6936	 
93.9	 73.0668	 45.7097	 45.7097	 73.0587	 45.6977	 45.6977	 
94	 73.0589	 45.7159	 45.7159	 73.051	 45.7037	 45.7037	 
94.1	 73.0521	 45.7217	 45.7217	 73.0442	 45.7095	 45.7095	 
94.2	 73.0471	 45.7259	 45.7259	 73.0397	 45.7133	 45.7133	 
94.3	 73.0495	 45.7237	 45.7237	 73.042	 45.7112	 45.7112	 
94.4	 73.0595	 45.7154	 45.7154	 73.0514	 45.7034	 45.7034	 
94.5	 73.0707	 45.7066	 45.7066	 73.062	 45.6951	 45.6951	 
94.6	 73.0746	 45.7038	 45.7038	 73.066	 45.6923	 45.6923	 
94.7	 73.0727	 45.7054	 45.7054	 73.0644	 45.6935	 45.6935	 
94.8	 73.0672	 45.7094	 45.7094	 73.059	 45.6975	 45.6975	 
94.9	 73.0597	 45.7153	 45.7153	 73.0514	 45.7034	 45.7034	 
95	 73.0526	 45.7212	 45.7212	 73.0445	 45.7093	 45.7093	 
95.1	 73.0479	 45.7253	 45.7253	 73.0398	 45.7132	 45.7132	 
95.2	 73.0494	 45.7238	 45.7238	 73.0416	 45.7116	 45.7116	 
95.3	 73.0589	 45.7159	 45.7159	 73.0506	 45.704	 45.704	 
95.4	 73.0702	 45.707	 45.707	 73.0613	 45.6956	 45.6956	 
95.5	 73.0746	 45.7039	 45.7039	 73.0659	 45.6923	 45.6923	 
95.6	 73.073	 45.7052	 45.7052	 73.0645	 45.6935	 45.6935	 
95.7	 73.0675	 45.7091	 45.7091	 73.0592	 45.6973	 45.6973	 
95.8	 73.06	 45.715	 45.715	 73.0521	 45.7029	 45.7029	 
95.9	 73.053	 45.7209	 45.7209	 73.0447	 45.709	 45.709	 
96	 73.0482	 45.725	 45.725	 73.0403	 45.7128	 45.7128	 
96.1	 73.049	 45.7242	 45.7242	 73.0413	 45.7118	 45.7118	 
96.2	 73.058	 45.7166	 45.7166	 73.0501	 45.7045	 45.7045	 
96.3	 73.0694	 45.7077	 45.7077	 73.0607	 45.6961	 45.6961	 
96.4	 73.0744	 45.704	 45.704	 73.0659	 45.6923	 45.6923	 
96.5	 73.073	 45.7051	 45.7051	 73.0646	 45.6934	 45.6934	 
96.6	 73.0678	 45.7089	 45.7089	 73.0596	 45.697	 45.697	 
96.7	 73.0605	 45.7146	 45.7146	 73.0525	 45.7025	 45.7025	 
96.8	 73.0533	 45.7207	 45.7207	 73.0452	 45.7086	 45.7086	 
96.9	 73.0487	 45.7246	 45.7246	 73.0406	 45.7126	 45.7126	 
97	 73.0487	 45.7244	 45.7244	 73.041	 45.712	 45.712	 
97.1	 73.0575	 45.7171	 45.7171	 73.0494	 45.7051	 45.7051	 
97.2	 73.0685	 45.7084	 45.7084	 73.0602	 45.6965	 45.6965	 
97.3	 73.0744	 45.704	 45.704	 73.0658	 45.6923	 45.6923	 
97.4	 73.073	 45.7052	 45.7052	 73.0647	 45.6933	 45.6933	 
97.5	 73.0682	 45.7087	 45.7087	 73.06	 45.6967	 45.6967	 
97.6	 73.0611	 45.7142	 45.7142	 73.0529	 45.7022	 45.7022	 
97.7	 73.0536	 45.7204	 45.7204	 73.0457	 45.7082	 45.7082	 
97.8	 73.0489	 45.7244	 45.7244	 73.0409	 45.7123	 45.7123	 
97.9	 73.0486	 45.7245	 45.7245	 73.0408	 45.7122	 45.7122	 
98	 73.0567	 45.7177	 45.7177	 73.0488	 45.7056	 45.7056	 
98.1	 73.0678	 45.7088	 45.7088	 73.0594	 45.6971	 45.6971	 
98.2	 73.0743	 45.704	 45.704	 73.0657	 45.6924	 45.6924	 
98.3	 73.0732	 45.705	 45.705	 73.0647	 45.6933	 45.6933	 
98.4	 73.0688	 45.7082	 45.7082	 73.0601	 45.6967	 45.6967	 
98.5	 73.0616	 45.7137	 45.7137	 73.0532	 45.702	 45.702	 
98.6	 73.0542	 45.7198	 45.7198	 73.046	 45.7079	 45.7079	 
98.7	 73.0493	 45.7241	 45.7241	 73.0412	 45.7121	 45.7121	 
98.8	 73.0486	 45.7245	 45.7245	 73.0408	 45.7123	 45.7123	 
98.9	 73.056	 45.7183	 45.7183	 73.0481	 45.7061	 45.7061	 
99	 73.0673	 45.7093	 45.7093	 73.0587	 45.6977	 45.6977	 
99.1	 73.0741	 45.7042	 45.7042	 73.0655	 45.6925	 45.6925	 
99.2	 73.0731	 45.705	 45.705	 73.0649	 45.6931	 45.6931	 
99.3	 73.0689	 45.7081	 45.7081	 73.0605	 45.6964	 45.6964	 
99.4	 73.0619	 45.7135	 45.7135	 73.0537	 45.7016	 45.7016	 
99.5	 73.0544	 45.7197	 45.7197	 73.0466	 45.7074	 45.7074	 
99.6	 73.0493	 45.724	 45.724	 73.0415	 45.7118	 45.7118	 
99.7	 73.0484	 45.7247	 45.7247	 73.041	 45.7121	 45.7121	 
99.8	 73.0552	 45.7189	 45.7189	 73.0474	 45.7066	 45.7066	 
99.9	 73.0664	 45.7099	 45.7099	 73.0582	 45.698	 45.698	 
100	 73.0738	 45.7043	 45.7043	 73.0652	 45.6928	 45.6928	 
