
WEC-Sim Input From Standard wecSimInputFile.m Of Case Directory... 
WEC-Sim: An open-source code for simulating wave energy converters
Version: 6.1

Initializing the Simulation Class...
	Case Dir: C:\Users\mankleh\GitHub\LUPA_WEC-Sim\TEAMERLUPA2 2023\LUPA MoorDyn 
---------------Starting MoorDyn-----------
MoorDyn Initialized. Now time stepping...
Elapsed time is 14.187003 seconds.

WEC-Sim Pre-processing ...   
Elapsed time is 0.140563 seconds.

WEC-Sim Simulation Settings:
	Start Time                     (sec) = 0
	End Time                       (sec) = 100
	Time Step Size                 (sec) = 0.1
	Ramp Function Time             (sec) = 20
	 Number of Time Steps     = 1000 

Wave Environment: 
	Wave Type                            = No Wave (Convolution Integral Calculation)

List of Body: Number of Bodies = 2 

	***** Body Number 1, Name: topless_float *****
	Body CG                          (m) = [0,0,0.25]
	Body Mass                       (kg) = 248.332 
	Body Moments of Inertia       (kgm2) = [66.1686,66.1686,17.16]
	Body Products of Inertia      (kgm2) = [0,0,0]

	***** Body Number 2, Name: LUPA_spar_D1_14m *****
	Body CG                          (m) = [0,0,-1.26]
	Body Mass                       (kg) = 202.21 
	Body Moments of Inertia       (kgm2) = [250.456,250.456,12.746]
	Body Products of Inertia      (kgm2) = [0,0,0]

List of PTO(s): Number of PTOs = 1 

	***** PTO Name: PTO1 *****
	PTO Stiffness           (N/m;Nm/rad) = 0
	PTO Damping           (Ns/m;Nsm/rad) = 1800

List of Constraint(s): Number of Constraints = 1 

	***** Constraint Name: Constraint1 *****


Simulating the WEC device defined in the SimMechanics model C:\Users\mankleh\GitHub\LUPA_WEC-Sim\TEAMERLUPA2 2023\LUPA MoorDyn\LUPA_MHKDR.slx...   
Elapsed time is 0.209500 seconds.
Elapsed time is 194.533147 seconds.

Post-processing and saving...   
Elapsed time is 0.287224 seconds.
